{
  "stats": {
    "suites": 1,
    "tests": 4,
    "passes": 4,
    "pending": 0,
    "failures": 0,
    "start": "2023-02-13T22:26:12.969Z",
    "end": "2023-02-13T22:26:23.870Z",
    "duration": 10901,
    "testsRegistered": 4,
    "passPercent": 100,
    "pendingPercent": 0,
    "other": 0,
    "hasOther": false,
    "skipped": 0,
    "hasSkipped": false
  },
  "results": [
    {
      "uuid": "eeb00d78-278a-4c10-9624-2f5e27e6c6c9",
      "title": "",
      "fullFile": "cypress\\e2e\\3-AluraPic\\alurapic.cy.js",
      "file": "cypress\\e2e\\3-AluraPic\\alurapic.cy.js",
      "beforeHooks": [],
      "afterHooks": [],
      "tests": [],
      "suites": [
        {
          "uuid": "88170fd4-23a7-4166-a4e9-6cefdad758b1",
          "title": "alura busca cursos ",
          "fullFile": "",
          "file": "",
          "beforeHooks": [],
          "afterHooks": [],
          "tests": [
            {
              "title": "verifica mensagem de validação",
              "fullTitle": "alura busca cursos  verifica mensagem de validação",
              "timedOut": null,
              "duration": 3201,
              "state": "passed",
              "speed": "fast",
              "pass": true,
              "fail": false,
              "pending": false,
              "context": null,
              "code": "cy.contains('a', 'Register now').click();\ncy.contains('button', 'Register').click();\ncy.contains('ap-vmessage', 'Email is required!').should('be.visible');\ncy.contains('button', 'Register').click();\ncy.contains('ap-vmessage', 'User name is required!').should('be.visible');\ncy.contains('ap-vmessage', 'Password is required!').should('be.visible');",
              "err": {},
              "uuid": "34b2800c-7ebc-4718-97d2-3386590dc4ea",
              "parentUUID": "88170fd4-23a7-4166-a4e9-6cefdad758b1",
              "isHook": false,
              "skipped": false
            },
            {
              "title": "verifica mensagem de email invalido",
              "fullTitle": "alura busca cursos  verifica mensagem de email invalido",
              "timedOut": null,
              "duration": 1401,
              "state": "passed",
              "speed": "fast",
              "pass": true,
              "fail": false,
              "pending": false,
              "context": null,
              "code": "cy.contains('a', 'Register now').click();\ncy.contains('button', 'Register').click();\ncy.contains('ap-vmessage', 'Email is required!').should('be.visible');\ncy.get('input[formcontrolname=\"email\"]').type('fernando');\ncy.contains('ap-vmessage', 'Invalid e-mail').should('be.visible');",
              "err": {},
              "uuid": "b9ea6e66-1235-4e54-af4b-f6467a398f6d",
              "parentUUID": "88170fd4-23a7-4166-a4e9-6cefdad758b1",
              "isHook": false,
              "skipped": false
            },
            {
              "title": "verifica mensagem de senha com menos de 8 caracteres",
              "fullTitle": "alura busca cursos  verifica mensagem de senha com menos de 8 caracteres",
              "timedOut": null,
              "duration": 1196,
              "state": "passed",
              "speed": "fast",
              "pass": true,
              "fail": false,
              "pending": false,
              "context": null,
              "code": "cy.contains('a', 'Register now').click();\ncy.get('input[formcontrolname=\"password\"]').type('123');\ncy.contains('button', 'Register').click();\ncy.contains('ap-vmessage', 'Mininum length is 8').should('be.visible');",
              "err": {},
              "uuid": "a9b62fc1-5fc5-4c34-a632-a135b1193050",
              "parentUUID": "88170fd4-23a7-4166-a4e9-6cefdad758b1",
              "isHook": false,
              "skipped": false
            },
            {
              "title": "verifica mensagem digitar nome com a letra minuscula",
              "fullTitle": "alura busca cursos  verifica mensagem digitar nome com a letra minuscula",
              "timedOut": null,
              "duration": 1268,
              "state": "passed",
              "speed": "fast",
              "pass": true,
              "fail": false,
              "pending": false,
              "context": null,
              "code": "cy.contains('a', 'Register now').click();\ncy.get('input[formcontrolname=\"userName\"]').type('FERNANDO');\ncy.contains('button', 'Register').click();\ncy.contains('ap-vmessage', 'Must be lower case').should('be.visible');",
              "err": {},
              "uuid": "681236b5-e0a2-4153-a731-a004e6c854c2",
              "parentUUID": "88170fd4-23a7-4166-a4e9-6cefdad758b1",
              "isHook": false,
              "skipped": false
            }
          ],
          "suites": [],
          "passes": [
            "34b2800c-7ebc-4718-97d2-3386590dc4ea",
            "b9ea6e66-1235-4e54-af4b-f6467a398f6d",
            "a9b62fc1-5fc5-4c34-a632-a135b1193050",
            "681236b5-e0a2-4153-a731-a004e6c854c2"
          ],
          "failures": [],
          "pending": [],
          "skipped": [],
          "duration": 7066,
          "root": false,
          "rootEmpty": false,
          "_timeout": 2000
        }
      ],
      "passes": [],
      "failures": [],
      "pending": [],
      "skipped": [],
      "duration": 0,
      "root": true,
      "rootEmpty": true,
      "_timeout": 2000
    }
  ],
  "meta": {
    "mocha": {
      "version": "7.0.1"
    },
    "mochawesome": {
      "options": {
        "quiet": false,
        "reportFilename": "mochawesome",
        "saveHtml": true,
        "saveJson": true,
        "consoleReporter": "spec",
        "useInlineDiffs": false,
        "code": true
      },
      "version": "7.1.3"
    },
    "marge": {
      "options": null,
      "version": "6.2.0"
    }
  }
}